<?xml version="1.0" encoding="UTF-8"?>
<testng-results skipped="0" failed="0" ignored="0" total="1" passed="1">
  <reporter-output>
  </reporter-output>
  <suite name="Default suite" duration-ms="2346" started-at="2018-05-01T16:17:19Z" finished-at="2018-05-01T16:17:21Z">
    <groups>
    </groups>
    <test name="Default test" duration-ms="2346" started-at="2018-05-01T16:17:19Z" finished-at="2018-05-01T16:17:21Z">
      <class name="basics3">
        <test-method status="PASS" signature="AddandDeletePlace()[pri:0, instance:basics3@523884b2]" name="AddandDeletePlace" duration-ms="2328" started-at="2018-05-01T21:47:19Z" finished-at="2018-05-01T21:47:21Z">
          <reporter-output>
          </reporter-output>
        </test-method> <!-- AddandDeletePlace -->
      </class> <!-- basics3 -->
    </test> <!-- Default test -->
  </suite> <!-- Default suite -->
</testng-results>
